<?xml version="1.0" encoding="UTF-8"?>
<testsuite name="REST Project CadastroEndereco.CadastroEndereco TestSuite" tests="4" failures="0" errors="0" time="0.106"><properties><property name="java.runtime.name" value="Java(TM) SE Runtime Environment"/><property name="sun.boot.library.path" value="C:\Program Files (x86)\Java\jdk1.7.0_45\jre\bin"/><property name="java.vm.version" value="24.45-b08"/><property name="java.vm.vendor" value="Oracle Corporation"/><property name="java.vendor.url" value="http://java.oracle.com/"/><property name="guice.disable.misplaced.annotation.check" value="true"/><property name="path.separator" value=";"/><property name="java.vm.name" value="Java HotSpot(TM) Client VM"/><property name="file.encoding.pkg" value="sun.io"/><property name="user.country" value="BR"/><property name="user.script" value=""/><property name="sun.java.launcher" value="SUN_STANDARD"/><property name="sun.os.patch.level" value="Service Pack 1"/><property name="java.vm.specification.name" value="Java Virtual Machine Specification"/><property name="user.dir" value="C:\Workspaces\Juliano\testes\cadastro-endereco"/><property name="java.runtime.version" value="1.7.0_45-b18"/><property name="java.awt.graphicsenv" value="sun.awt.Win32GraphicsEnvironment"/><property name="java.endorsed.dirs" value="C:\Program Files (x86)\Java\jdk1.7.0_45\jre\lib\endorsed"/><property name="os.arch" value="x86"/><property name="java.io.tmpdir" value="C:\Users\JULIAN~1.CER\AppData\Local\Temp\"/><property name="line.separator" value="
"/><property name="java.vm.specification.vendor" value="Oracle Corporation"/><property name="user.variant" value=""/><property name="os.name" value="Windows 7"/><property name="classworlds.conf" value="C:\Workspaces\Juliano\testes\.metadata\.plugins\org.eclipse.m2e.launching\launches\m2conf589310536883085383.tmp"/><property name="sun.jnu.encoding" value="Cp1252"/><property name="java.library.path" value="C:\Program Files (x86)\Java\jdk1.7.0_45\bin;C:\Windows\Sun\Java\bin;C:\Windows\system32;C:\Windows;C:\ProgramData\Oracle\Java\javapath;%ORACLE_INSTANT_CLIENT%;%AXIS_HOME%\bin;C:\Oracle\Java\jdk1.6.0_24\bin;C:\Program Files\Common Files\Microsoft Shared\Windows Live;C:\Program Files (x86)\Common Files\Microsoft Shared\Windows Live;C:\windows\system32;C:\windows;C:\windows\System32\Wbem;C:\windows\System32\WindowsPowerShell\v1.0\;C:\Program Files (x86)\Windows Live\Shared;C:\oraclexe\app\oracle\product\11.2.0\server\bin;C:\Program Files\Microsoft\Web Platform Installer\;C:\Program Files (x86)\Microsoft ASP.NET\ASP.NET Web Pages\v1.0\;C:\Oracle\Middleware\modules\org.apache.ant_1.7.1\bin;c:\Program Files (x86)\AMD APP\;C:\oraclexe\app\oracle\product\11.2.0\server\bin;;C:\Softs\apache-maven-3.1.1\bin;C:\oraclexe\app\oracle\product\11.2.0\serverTRUE;C:\Softs;C:\HashiCorp\Vagrant\bin;C:\Program Files (x86)\Skype\Phone\;C:\Program Files (x86)\QuickTime\QTSystem\;."/><property name="sun.awt.enableExtraMouseButtons" value="true"/><property name="java.specification.name" value="Java Platform API Specification"/><property name="java.class.version" value="51.0"/><property name="sun.management.compiler" value="HotSpot Client Compiler"/><property name="os.version" value="6.1"/><property name="user.home" value="C:\Users\juliano.cervelin"/><property name="user.timezone" value="America/Sao_Paulo"/><property name="java.awt.printerjob" value="sun.awt.windows.WPrinterJob"/><property name="file.encoding" value="Cp1252"/><property name="java.specification.version" value="1.7"/><property name="java.class.path" value="/C:/Softs/luna/eclipse/plugins/org.eclipse.m2e.maven.runtime_1.5.0.20140605-2032/jars/plexus-classworlds-2.5.1.jar"/><property name="user.name" value="juliano.cervelin"/><property name="org.slf4j.simpleLogger.defaultLogLevel" value="info"/><property name="java.vm.specification.version" value="1.7"/><property name="sun.java.command" value="org.codehaus.plexus.classworlds.launcher.Launcher -B install"/><property name="java.home" value="C:\Program Files (x86)\Java\jdk1.7.0_45\jre"/><property name="sun.arch.data.model" value="32"/><property name="user.language" value="pt"/><property name="java.specification.vendor" value="Oracle Corporation"/><property name="awt.toolkit" value="sun.awt.windows.WToolkit"/><property name="java.vm.info" value="mixed mode, sharing"/><property name="java.version" value="1.7.0_45"/><property name="java.ext.dirs" value="C:\Program Files (x86)\Java\jdk1.7.0_45\jre\lib\ext;C:\Windows\Sun\Java\lib\ext"/><property name="sun.boot.class.path" value="C:\Program Files (x86)\Java\jdk1.7.0_45\jre\lib\resources.jar;C:\Program Files (x86)\Java\jdk1.7.0_45\jre\lib\rt.jar;C:\Program Files (x86)\Java\jdk1.7.0_45\jre\lib\sunrsasign.jar;C:\Program Files (x86)\Java\jdk1.7.0_45\jre\lib\jsse.jar;C:\Program Files (x86)\Java\jdk1.7.0_45\jre\lib\jce.jar;C:\Program Files (x86)\Java\jdk1.7.0_45\jre\lib\charsets.jar;C:\Program Files (x86)\Java\jdk1.7.0_45\jre\lib\jfr.jar;C:\Program Files (x86)\Java\jdk1.7.0_45\jre\classes"/><property name="java.vendor" value="Oracle Corporation"/><property name="maven.home" value="C:\Workspaces\Juliano\testes\cadastro-endereco\EMBEDDED"/><property name="file.separator" value="\"/><property name="java.vendor.url.bug" value="http://bugreport.sun.com/bugreport/"/><property name="sun.io.unicode.encoding" value="UnicodeLittle"/><property name="sun.cpu.endian" value="little"/><property name="sun.desktop" value="windows"/><property name="sun.cpu.isalist" value="pentium_pro+mmx pentium_pro pentium+mmx pentium i486 i386 i86"/></properties><testcase name="READ - GET TestCase" time="0.092"/><testcase name="CREATE - POST TestCase" time="0.005"/><testcase name="UPDATE - PUT TestCase" time="0.004"/><testcase name="DELETE - DELETE TestCase" time="0.005"/></testsuite>